{"C:\\Users\\mraja\\OneDrive\\Desktop\\wtf\\backend\\src\\app.js": {"path":"C:\\Users\\mraja\\OneDrive\\Desktop\\wtf\\backend\\src\\app.js","statementMap":{"0":{"start":{"line":1,"column":0},"end":{"line":1,"column":27}},"1":{"start":{"line":3,"column":13},"end":{"line":3,"column":28}},"2":{"start":{"line":4,"column":16},"end":{"line":4,"column":34}},"3":{"start":{"line":5,"column":13},"end":{"line":5,"column":28}},"4":{"start":{"line":6,"column":18},"end":{"line":6,"column":37}},"5":{"start":{"line":7,"column":26},"end":{"line":7,"column":57}},"6":{"start":{"line":8,"column":20},"end":{"line":8,"column":46}},"7":{"start":{"line":9,"column":33},"end":{"line":9,"column":66}},"8":{"start":{"line":11,"column":13},"end":{"line":11,"column":45}},"9":{"start":{"line":14,"column":14},"end":{"line":14,"column":23}},"10":{"start":{"line":15,"column":2},"end":{"line":15,"column":53}},"11":{"start":{"line":16,"column":2},"end":{"line":16,"column":26}},"12":{"start":{"line":17,"column":2},"end":{"line":17,"column":29}},"13":{"start":{"line":19,"column":2},"end":{"line":19,"column":26}},"14":{"start":{"line":20,"column":2},"end":{"line":22,"column":5}},"15":{"start":{"line":21,"column":4},"end":{"line":21,"column":54}},"16":{"start":{"line":23,"column":2},"end":{"line":23,"column":13}},"17":{"start":{"line":27,"column":14},"end":{"line":27,"column":25}},"18":{"start":{"line":28,"column":17},"end":{"line":28,"column":39}},"19":{"start":{"line":29,"column":2},"end":{"line":29,"column":24}},"20":{"start":{"line":31,"column":2},"end":{"line":34,"column":3}},"21":{"start":{"line":32,"column":4},"end":{"line":32,"column":41}},"22":{"start":{"line":33,"column":4},"end":{"line":33,"column":20}},"23":{"start":{"line":36,"column":2},"end":{"line":38,"column":3}},"24":{"start":{"line":37,"column":4},"end":{"line":37,"column":27}},"25":{"start":{"line":40,"column":2},"end":{"line":45,"column":5}},"26":{"start":{"line":41,"column":4},"end":{"line":44,"column":7}},"27":{"start":{"line":42,"column":6},"end":{"line":42,"column":53}},"28":{"start":{"line":43,"column":6},"end":{"line":43,"column":22}},"29":{"start":{"line":48,"column":0},"end":{"line":53,"column":1}},"30":{"start":{"line":49,"column":2},"end":{"line":52,"column":5}},"31":{"start":{"line":50,"column":4},"end":{"line":50,"column":21}},"32":{"start":{"line":51,"column":4},"end":{"line":51,"column":20}},"33":{"start":{"line":55,"column":0},"end":{"line":55,"column":37}}},"fnMap":{"0":{"name":"createApp","decl":{"start":{"line":13,"column":9},"end":{"line":13,"column":18}},"loc":{"start":{"line":13,"column":21},"end":{"line":24,"column":1}},"line":13},"1":{"name":"(anonymous_1)","decl":{"start":{"line":20,"column":15},"end":{"line":20,"column":16}},"loc":{"start":{"line":20,"column":29},"end":{"line":22,"column":3}},"line":20},"2":{"name":"boot","decl":{"start":{"line":26,"column":15},"end":{"line":26,"column":19}},"loc":{"start":{"line":26,"column":22},"end":{"line":46,"column":1}},"line":26},"3":{"name":"(anonymous_3)","decl":{"start":{"line":40,"column":21},"end":{"line":40,"column":22}},"loc":{"start":{"line":40,"column":34},"end":{"line":45,"column":3}},"line":40},"4":{"name":"(anonymous_4)","decl":{"start":{"line":41,"column":35},"end":{"line":41,"column":36}},"loc":{"start":{"line":41,"column":41},"end":{"line":44,"column":5}},"line":41},"5":{"name":"(anonymous_5)","decl":{"start":{"line":49,"column":15},"end":{"line":49,"column":16}},"loc":{"start":{"line":49,"column":22},"end":{"line":52,"column":3}},"line":49}},"branchMap":{"0":{"loc":{"start":{"line":11,"column":20},"end":{"line":11,"column":44}},"type":"binary-expr","locations":[{"start":{"line":11,"column":20},"end":{"line":11,"column":36}},{"start":{"line":11,"column":40},"end":{"line":11,"column":44}}],"line":11},"1":{"loc":{"start":{"line":31,"column":2},"end":{"line":34,"column":3}},"type":"if","locations":[{"start":{"line":31,"column":2},"end":{"line":34,"column":3}},{"start":{},"end":{}}],"line":31},"2":{"loc":{"start":{"line":36,"column":2},"end":{"line":38,"column":3}},"type":"if","locations":[{"start":{"line":36,"column":2},"end":{"line":38,"column":3}},{"start":{},"end":{}}],"line":36},"3":{"loc":{"start":{"line":48,"column":0},"end":{"line":53,"column":1}},"type":"if","locations":[{"start":{"line":48,"column":0},"end":{"line":53,"column":1}},{"start":{},"end":{}}],"line":48}},"s":{"0":1,"1":1,"2":1,"3":1,"4":1,"5":1,"6":1,"7":1,"8":1,"9":1,"10":1,"11":1,"12":1,"13":1,"14":1,"15":1,"16":1,"17":0,"18":0,"19":0,"20":0,"21":0,"22":0,"23":0,"24":0,"25":0,"26":0,"27":0,"28":0,"29":1,"30":0,"31":0,"32":0,"33":1},"f":{"0":1,"1":1,"2":0,"3":0,"4":0,"5":0},"b":{"0":[1,0],"1":[0,0],"2":[0,0],"3":[0,1]},"inputSourceMap":null,"_coverageSchema":"1a1c01bbd47fc00a2c39e90264f33305004495a9","hash":"019c4ee3ad9fec843ac9d8677a787cb4760cc78d"}
,"C:\\Users\\mraja\\OneDrive\\Desktop\\wtf\\backend\\src\\db\\pool.js": {"path":"C:\\Users\\mraja\\OneDrive\\Desktop\\wtf\\backend\\src\\db\\pool.js","statementMap":{"0":{"start":{"line":1,"column":17},"end":{"line":1,"column":30}},"1":{"start":{"line":3,"column":13},"end":{"line":8,"column":2}},"2":{"start":{"line":10,"column":0},"end":{"line":12,"column":3}},"3":{"start":{"line":11,"column":2},"end":{"line":11,"column":55}},"4":{"start":{"line":14,"column":0},"end":{"line":14,"column":22}}},"fnMap":{"0":{"name":"(anonymous_0)","decl":{"start":{"line":10,"column":17},"end":{"line":10,"column":18}},"loc":{"start":{"line":10,"column":26},"end":{"line":12,"column":1}},"line":10}},"branchMap":{},"s":{"0":1,"1":1,"2":1,"3":0,"4":1},"f":{"0":0},"b":{},"inputSourceMap":null,"_coverageSchema":"1a1c01bbd47fc00a2c39e90264f33305004495a9","hash":"888191869849481c8ce7a2da2bd4eba2c4e4113a"}
,"C:\\Users\\mraja\\OneDrive\\Desktop\\wtf\\backend\\src\\jobs\\anomalyDetector.js": {"path":"C:\\Users\\mraja\\OneDrive\\Desktop\\wtf\\backend\\src\\jobs\\anomalyDetector.js","statementMap":{"0":{"start":{"line":1,"column":13},"end":{"line":1,"column":34}},"1":{"start":{"line":2,"column":32},"end":{"line":2,"column":69}},"2":{"start":{"line":4,"column":23},"end":{"line":4,"column":27}},"3":{"start":{"line":5,"column":22},"end":{"line":5,"column":26}},"4":{"start":{"line":6,"column":20},"end":{"line":6,"column":26}},"5":{"start":{"line":9,"column":2},"end":{"line":19,"column":3}},"6":{"start":{"line":10,"column":4},"end":{"line":10,"column":80}},"7":{"start":{"line":11,"column":4},"end":{"line":11,"column":64}},"8":{"start":{"line":13,"column":4},"end":{"line":18,"column":5}},"9":{"start":{"line":14,"column":6},"end":{"line":14,"column":69}},"10":{"start":{"line":15,"column":6},"end":{"line":15,"column":83}},"11":{"start":{"line":17,"column":6},"end":{"line":17,"column":54}},"12":{"start":{"line":23,"column":2},"end":{"line":23,"column":31}},"13":{"start":{"line":23,"column":24},"end":{"line":23,"column":31}},"14":{"start":{"line":25,"column":2},"end":{"line":25,"column":49}},"15":{"start":{"line":26,"column":2},"end":{"line":28,"column":5}},"16":{"start":{"line":27,"column":4},"end":{"line":27,"column":62}},"17":{"start":{"line":30,"column":2},"end":{"line":34,"column":18}},"18":{"start":{"line":31,"column":4},"end":{"line":33,"column":7}},"19":{"start":{"line":32,"column":6},"end":{"line":32,"column":55}},"20":{"start":{"line":36,"column":2},"end":{"line":36,"column":73}},"21":{"start":{"line":40,"column":2},"end":{"line":43,"column":3}},"22":{"start":{"line":41,"column":4},"end":{"line":41,"column":36}},"23":{"start":{"line":42,"column":4},"end":{"line":42,"column":28}},"24":{"start":{"line":44,"column":2},"end":{"line":47,"column":3}},"25":{"start":{"line":45,"column":4},"end":{"line":45,"column":35}},"26":{"start":{"line":46,"column":4},"end":{"line":46,"column":27}},"27":{"start":{"line":50,"column":0},"end":{"line":50,"column":88}}},"fnMap":{"0":{"name":"refreshMaterializedView","decl":{"start":{"line":8,"column":15},"end":{"line":8,"column":38}},"loc":{"start":{"line":8,"column":41},"end":{"line":20,"column":1}},"line":8},"1":{"name":"startAnomalyDetector","decl":{"start":{"line":22,"column":9},"end":{"line":22,"column":29}},"loc":{"start":{"line":22,"column":32},"end":{"line":37,"column":1}},"line":22},"2":{"name":"(anonymous_2)","decl":{"start":{"line":26,"column":30},"end":{"line":26,"column":31}},"loc":{"start":{"line":26,"column":39},"end":{"line":28,"column":3}},"line":26},"3":{"name":"(anonymous_3)","decl":{"start":{"line":30,"column":33},"end":{"line":30,"column":34}},"loc":{"start":{"line":30,"column":39},"end":{"line":34,"column":3}},"line":30},"4":{"name":"(anonymous_4)","decl":{"start":{"line":31,"column":32},"end":{"line":31,"column":33}},"loc":{"start":{"line":31,"column":41},"end":{"line":33,"column":5}},"line":31},"5":{"name":"stopAnomalyDetector","decl":{"start":{"line":39,"column":9},"end":{"line":39,"column":28}},"loc":{"start":{"line":39,"column":31},"end":{"line":48,"column":1}},"line":39}},"branchMap":{"0":{"loc":{"start":{"line":23,"column":2},"end":{"line":23,"column":31}},"type":"if","locations":[{"start":{"line":23,"column":2},"end":{"line":23,"column":31}},{"start":{},"end":{}}],"line":23},"1":{"loc":{"start":{"line":40,"column":2},"end":{"line":43,"column":3}},"type":"if","locations":[{"start":{"line":40,"column":2},"end":{"line":43,"column":3}},{"start":{},"end":{}}],"line":40},"2":{"loc":{"start":{"line":44,"column":2},"end":{"line":47,"column":3}},"type":"if","locations":[{"start":{"line":44,"column":2},"end":{"line":47,"column":3}},{"start":{},"end":{}}],"line":44}},"s":{"0":1,"1":1,"2":1,"3":1,"4":1,"5":0,"6":0,"7":0,"8":0,"9":0,"10":0,"11":0,"12":0,"13":0,"14":0,"15":0,"16":0,"17":0,"18":0,"19":0,"20":0,"21":0,"22":0,"23":0,"24":0,"25":0,"26":0,"27":1},"f":{"0":0,"1":0,"2":0,"3":0,"4":0,"5":0},"b":{"0":[0,0],"1":[0,0],"2":[0,0]},"inputSourceMap":null,"_coverageSchema":"1a1c01bbd47fc00a2c39e90264f33305004495a9","hash":"d3ca854c260e9f5d28c83c1d2cc060255e19b461"}
,"C:\\Users\\mraja\\OneDrive\\Desktop\\wtf\\backend\\src\\jobs\\simulator.js": {"path":"C:\\Users\\mraja\\OneDrive\\Desktop\\wtf\\backend\\src\\jobs\\simulator.js","statementMap":{"0":{"start":{"line":1,"column":25},"end":{"line":1,"column":64}},"1":{"start":{"line":3,"column":0},"end":{"line":3,"column":34}}},"fnMap":{},"branchMap":{},"s":{"0":0,"1":0},"f":{},"b":{},"inputSourceMap":null}
,"C:\\Users\\mraja\\OneDrive\\Desktop\\wtf\\backend\\src\\lib\\anomalyMath.js": {"path":"C:\\Users\\mraja\\OneDrive\\Desktop\\wtf\\backend\\src\\lib\\anomalyMath.js","statementMap":{"0":{"start":{"line":2,"column":2},"end":{"line":2,"column":53}},"1":{"start":{"line":2,"column":41},"end":{"line":2,"column":53}},"2":{"start":{"line":3,"column":2},"end":{"line":3,"column":56}},"3":{"start":{"line":7,"column":2},"end":{"line":7,"column":36}},"4":{"start":{"line":11,"column":2},"end":{"line":11,"column":37}},"5":{"start":{"line":14,"column":0},"end":{"line":18,"column":2}}},"fnMap":{"0":{"name":"computeRevenueDropPercent","decl":{"start":{"line":1,"column":9},"end":{"line":1,"column":34}},"loc":{"start":{"line":1,"column":58},"end":{"line":4,"column":1}},"line":1},"1":{"name":"shouldFireCapacityAnomaly","decl":{"start":{"line":6,"column":9},"end":{"line":6,"column":34}},"loc":{"start":{"line":6,"column":56},"end":{"line":8,"column":1}},"line":6},"2":{"name":"shouldResolveCapacityAnomaly","decl":{"start":{"line":10,"column":9},"end":{"line":10,"column":37}},"loc":{"start":{"line":10,"column":59},"end":{"line":12,"column":1}},"line":10}},"branchMap":{"0":{"loc":{"start":{"line":2,"column":2},"end":{"line":2,"column":53}},"type":"if","locations":[{"start":{"line":2,"column":2},"end":{"line":2,"column":53}},{"start":{},"end":{}}],"line":2},"1":{"loc":{"start":{"line":2,"column":6},"end":{"line":2,"column":39}},"type":"binary-expr","locations":[{"start":{"line":2,"column":6},"end":{"line":2,"column":18}},{"start":{"line":2,"column":22},"end":{"line":2,"column":39}}],"line":2}},"s":{"0":3,"1":1,"2":2,"3":2,"4":2,"5":1},"f":{"0":3,"1":2,"2":2},"b":{"0":[1,2],"1":[3,2]},"inputSourceMap":null,"_coverageSchema":"1a1c01bbd47fc00a2c39e90264f33305004495a9","hash":"852208631b761d5403e7f3c937ecc925c669dc20"}
,"C:\\Users\\mraja\\OneDrive\\Desktop\\wtf\\backend\\src\\lib\\simulatorWeights.js": {"path":"C:\\Users\\mraja\\OneDrive\\Desktop\\wtf\\backend\\src\\lib\\simulatorWeights.js","statementMap":{"0":{"start":{"line":1,"column":25},"end":{"line":26,"column":1}},"1":{"start":{"line":28,"column":24},"end":{"line":28,"column":63}},"2":{"start":{"line":31,"column":15},"end":{"line":31,"column":36}},"3":{"start":{"line":32,"column":14},"end":{"line":32,"column":33}},"4":{"start":{"line":33,"column":2},"end":{"line":33,"column":71}},"5":{"start":{"line":36,"column":0},"end":{"line":40,"column":2}}},"fnMap":{"0":{"name":"getCurrentTrafficWeight","decl":{"start":{"line":30,"column":9},"end":{"line":30,"column":32}},"loc":{"start":{"line":30,"column":35},"end":{"line":34,"column":1}},"line":30}},"branchMap":{"0":{"loc":{"start":{"line":33,"column":10},"end":{"line":33,"column":37}},"type":"binary-expr","locations":[{"start":{"line":33,"column":10},"end":{"line":33,"column":32}},{"start":{"line":33,"column":36},"end":{"line":33,"column":37}}],"line":33},"1":{"loc":{"start":{"line":33,"column":42},"end":{"line":33,"column":69}},"type":"binary-expr","locations":[{"start":{"line":33,"column":42},"end":{"line":33,"column":62}},{"start":{"line":33,"column":66},"end":{"line":33,"column":69}}],"line":33}},"s":{"0":2,"1":2,"2":1,"3":1,"4":1,"5":2},"f":{"0":1},"b":{"0":[1,0],"1":[1,0]},"inputSourceMap":null,"_coverageSchema":"1a1c01bbd47fc00a2c39e90264f33305004495a9","hash":"3d963f6b2f29ea717b18d7accdb37333af6a58ba"}
,"C:\\Users\\mraja\\OneDrive\\Desktop\\wtf\\backend\\src\\routes\\index.js": {"path":"C:\\Users\\mraja\\OneDrive\\Desktop\\wtf\\backend\\src\\routes\\index.js","statementMap":{"0":{"start":{"line":1,"column":16},"end":{"line":1,"column":34}},"1":{"start":{"line":2,"column":15},"end":{"line":2,"column":31}},"2":{"start":{"line":3,"column":21},"end":{"line":3,"column":56}},"3":{"start":{"line":4,"column":13},"end":{"line":4,"column":34}},"4":{"start":{"line":5,"column":25},"end":{"line":5,"column":64}},"5":{"start":{"line":8,"column":2},"end":{"line":10,"column":4}},"6":{"start":{"line":13,"column":0},"end":{"line":21,"column":3}},"7":{"start":{"line":14,"column":2},"end":{"line":20,"column":3}},"8":{"start":{"line":15,"column":17},"end":{"line":15,"column":57}},"9":{"start":{"line":16,"column":4},"end":{"line":16,"column":19}},"10":{"start":{"line":18,"column":4},"end":{"line":18,"column":49}},"11":{"start":{"line":19,"column":4},"end":{"line":19,"column":60}},"12":{"start":{"line":23,"column":0},"end":{"line":36,"column":3}},"13":{"start":{"line":24,"column":17},"end":{"line":24,"column":27}},"14":{"start":{"line":25,"column":2},"end":{"line":27,"column":3}},"15":{"start":{"line":26,"column":4},"end":{"line":26,"column":61}},"16":{"start":{"line":28,"column":2},"end":{"line":35,"column":3}},"17":{"start":{"line":29,"column":21},"end":{"line":29,"column":62}},"18":{"start":{"line":30,"column":4},"end":{"line":30,"column":75}},"19":{"start":{"line":30,"column":19},"end":{"line":30,"column":75}},"20":{"start":{"line":31,"column":4},"end":{"line":31,"column":23}},"21":{"start":{"line":33,"column":4},"end":{"line":33,"column":58}},"22":{"start":{"line":34,"column":4},"end":{"line":34,"column":69}},"23":{"start":{"line":38,"column":0},"end":{"line":54,"column":3}},"24":{"start":{"line":39,"column":17},"end":{"line":39,"column":27}},"25":{"start":{"line":40,"column":32},"end":{"line":40,"column":41}},"26":{"start":{"line":41,"column":2},"end":{"line":43,"column":3}},"27":{"start":{"line":42,"column":4},"end":{"line":42,"column":61}},"28":{"start":{"line":44,"column":2},"end":{"line":46,"column":3}},"29":{"start":{"line":45,"column":4},"end":{"line":45,"column":80}},"30":{"start":{"line":47,"column":2},"end":{"line":53,"column":3}},"31":{"start":{"line":48,"column":17},"end":{"line":48,"column":66}},"32":{"start":{"line":49,"column":4},"end":{"line":49,"column":19}},"33":{"start":{"line":51,"column":4},"end":{"line":51,"column":63}},"34":{"start":{"line":52,"column":4},"end":{"line":52,"column":65}},"35":{"start":{"line":56,"column":0},"end":{"line":91,"column":3}},"36":{"start":{"line":57,"column":31},"end":{"line":57,"column":40}},"37":{"start":{"line":58,"column":2},"end":{"line":60,"column":3}},"38":{"start":{"line":59,"column":4},"end":{"line":59,"column":61}},"39":{"start":{"line":61,"column":2},"end":{"line":63,"column":3}},"40":{"start":{"line":62,"column":4},"end":{"line":62,"column":63}},"41":{"start":{"line":64,"column":2},"end":{"line":90,"column":3}},"42":{"start":{"line":65,"column":14},"end":{"line":74,"column":5}},"43":{"start":{"line":75,"column":19},"end":{"line":75,"column":21}},"44":{"start":{"line":76,"column":4},"end":{"line":79,"column":5}},"45":{"start":{"line":77,"column":6},"end":{"line":77,"column":26}},"46":{"start":{"line":78,"column":6},"end":{"line":78,"column":49}},"47":{"start":{"line":80,"column":4},"end":{"line":83,"column":5}},"48":{"start":{"line":81,"column":6},"end":{"line":81,"column":28}},"49":{"start":{"line":82,"column":6},"end":{"line":82,"column":51}},"50":{"start":{"line":84,"column":4},"end":{"line":84,"column":42}},"51":{"start":{"line":85,"column":19},"end":{"line":85,"column":48}},"52":{"start":{"line":86,"column":4},"end":{"line":86,"column":26}},"53":{"start":{"line":88,"column":4},"end":{"line":88,"column":54}},"54":{"start":{"line":89,"column":4},"end":{"line":89,"column":65}},"55":{"start":{"line":93,"column":0},"end":{"line":116,"column":3}},"56":{"start":{"line":94,"column":17},"end":{"line":94,"column":27}},"57":{"start":{"line":95,"column":2},"end":{"line":97,"column":3}},"58":{"start":{"line":96,"column":4},"end":{"line":96,"column":65}},"59":{"start":{"line":98,"column":2},"end":{"line":115,"column":3}},"60":{"start":{"line":99,"column":20},"end":{"line":99,"column":83}},"61":{"start":{"line":100,"column":4},"end":{"line":102,"column":5}},"62":{"start":{"line":101,"column":6},"end":{"line":101,"column":66}},"63":{"start":{"line":103,"column":14},"end":{"line":103,"column":29}},"64":{"start":{"line":104,"column":4},"end":{"line":106,"column":5}},"65":{"start":{"line":105,"column":6},"end":{"line":105,"column":87}},"66":{"start":{"line":107,"column":19},"end":{"line":110,"column":5}},"67":{"start":{"line":111,"column":4},"end":{"line":111,"column":29}},"68":{"start":{"line":113,"column":4},"end":{"line":113,"column":68}},"69":{"start":{"line":114,"column":4},"end":{"line":114,"column":57}},"70":{"start":{"line":118,"column":0},"end":{"line":126,"column":3}},"71":{"start":{"line":119,"column":2},"end":{"line":125,"column":3}},"72":{"start":{"line":120,"column":17},"end":{"line":120,"column":56}},"73":{"start":{"line":121,"column":4},"end":{"line":121,"column":19}},"74":{"start":{"line":123,"column":4},"end":{"line":123,"column":64}},"75":{"start":{"line":124,"column":4},"end":{"line":124,"column":70}},"76":{"start":{"line":128,"column":0},"end":{"line":135,"column":3}},"77":{"start":{"line":129,"column":2},"end":{"line":134,"column":3}},"78":{"start":{"line":130,"column":17},"end":{"line":130,"column":55}},"79":{"start":{"line":131,"column":4},"end":{"line":131,"column":19}},"80":{"start":{"line":133,"column":4},"end":{"line":133,"column":63}},"81":{"start":{"line":137,"column":0},"end":{"line":144,"column":3}},"82":{"start":{"line":138,"column":16},"end":{"line":138,"column":57}},"83":{"start":{"line":139,"column":2},"end":{"line":141,"column":3}},"84":{"start":{"line":140,"column":4},"end":{"line":140,"column":72}},"85":{"start":{"line":142,"column":2},"end":{"line":142,"column":41}},"86":{"start":{"line":143,"column":2},"end":{"line":143,"column":41}},"87":{"start":{"line":146,"column":0},"end":{"line":149,"column":3}},"88":{"start":{"line":147,"column":2},"end":{"line":147,"column":35}},"89":{"start":{"line":148,"column":2},"end":{"line":148,"column":33}},"90":{"start":{"line":151,"column":0},"end":{"line":158,"column":3}},"91":{"start":{"line":152,"column":2},"end":{"line":157,"column":3}},"92":{"start":{"line":153,"column":4},"end":{"line":153,"column":44}},"93":{"start":{"line":154,"column":4},"end":{"line":154,"column":34}},"94":{"start":{"line":156,"column":4},"end":{"line":156,"column":52}},"95":{"start":{"line":160,"column":0},"end":{"line":167,"column":3}},"96":{"start":{"line":161,"column":2},"end":{"line":166,"column":3}},"97":{"start":{"line":162,"column":4},"end":{"line":162,"column":33}},"98":{"start":{"line":163,"column":4},"end":{"line":163,"column":27}},"99":{"start":{"line":165,"column":4},"end":{"line":165,"column":60}},"100":{"start":{"line":169,"column":0},"end":{"line":169,"column":24}}},"fnMap":{"0":{"name":"isValidUUID","decl":{"start":{"line":7,"column":9},"end":{"line":7,"column":20}},"loc":{"start":{"line":7,"column":26},"end":{"line":11,"column":1}},"line":7},"1":{"name":"(anonymous_1)","decl":{"start":{"line":13,"column":20},"end":{"line":13,"column":21}},"loc":{"start":{"line":13,"column":40},"end":{"line":21,"column":1}},"line":13},"2":{"name":"(anonymous_2)","decl":{"start":{"line":23,"column":29},"end":{"line":23,"column":30}},"loc":{"start":{"line":23,"column":49},"end":{"line":36,"column":1}},"line":23},"3":{"name":"(anonymous_3)","decl":{"start":{"line":38,"column":34},"end":{"line":38,"column":35}},"loc":{"start":{"line":38,"column":54},"end":{"line":54,"column":1}},"line":38},"4":{"name":"(anonymous_4)","decl":{"start":{"line":56,"column":25},"end":{"line":56,"column":26}},"loc":{"start":{"line":56,"column":45},"end":{"line":91,"column":1}},"line":56},"5":{"name":"(anonymous_5)","decl":{"start":{"line":93,"column":39},"end":{"line":93,"column":40}},"loc":{"start":{"line":93,"column":59},"end":{"line":116,"column":1}},"line":93},"6":{"name":"(anonymous_6)","decl":{"start":{"line":118,"column":35},"end":{"line":118,"column":36}},"loc":{"start":{"line":118,"column":55},"end":{"line":126,"column":1}},"line":118},"7":{"name":"(anonymous_7)","decl":{"start":{"line":128,"column":33},"end":{"line":128,"column":34}},"loc":{"start":{"line":128,"column":53},"end":{"line":135,"column":1}},"line":128},"8":{"name":"(anonymous_8)","decl":{"start":{"line":137,"column":32},"end":{"line":137,"column":33}},"loc":{"start":{"line":137,"column":46},"end":{"line":144,"column":1}},"line":137},"9":{"name":"(anonymous_9)","decl":{"start":{"line":146,"column":31},"end":{"line":146,"column":32}},"loc":{"start":{"line":146,"column":45},"end":{"line":149,"column":1}},"line":146},"10":{"name":"(anonymous_10)","decl":{"start":{"line":151,"column":32},"end":{"line":151,"column":33}},"loc":{"start":{"line":151,"column":52},"end":{"line":158,"column":1}},"line":151},"11":{"name":"(anonymous_11)","decl":{"start":{"line":160,"column":22},"end":{"line":160,"column":23}},"loc":{"start":{"line":160,"column":42},"end":{"line":167,"column":1}},"line":160}},"branchMap":{"0":{"loc":{"start":{"line":25,"column":2},"end":{"line":27,"column":3}},"type":"if","locations":[{"start":{"line":25,"column":2},"end":{"line":27,"column":3}},{"start":{},"end":{}}],"line":25},"1":{"loc":{"start":{"line":30,"column":4},"end":{"line":30,"column":75}},"type":"if","locations":[{"start":{"line":30,"column":4},"end":{"line":30,"column":75}},{"start":{},"end":{}}],"line":30},"2":{"loc":{"start":{"line":40,"column":10},"end":{"line":40,"column":27}},"type":"default-arg","locations":[{"start":{"line":40,"column":22},"end":{"line":40,"column":27}}],"line":40},"3":{"loc":{"start":{"line":41,"column":2},"end":{"line":43,"column":3}},"type":"if","locations":[{"start":{"line":41,"column":2},"end":{"line":43,"column":3}},{"start":{},"end":{}}],"line":41},"4":{"loc":{"start":{"line":44,"column":2},"end":{"line":46,"column":3}},"type":"if","locations":[{"start":{"line":44,"column":2},"end":{"line":46,"column":3}},{"start":{},"end":{}}],"line":44},"5":{"loc":{"start":{"line":58,"column":2},"end":{"line":60,"column":3}},"type":"if","locations":[{"start":{"line":58,"column":2},"end":{"line":60,"column":3}},{"start":{},"end":{}}],"line":58},"6":{"loc":{"start":{"line":58,"column":6},"end":{"line":58,"column":36}},"type":"binary-expr","locations":[{"start":{"line":58,"column":6},"end":{"line":58,"column":12}},{"start":{"line":58,"column":16},"end":{"line":58,"column":36}}],"line":58},"7":{"loc":{"start":{"line":61,"column":2},"end":{"line":63,"column":3}},"type":"if","locations":[{"start":{"line":61,"column":2},"end":{"line":63,"column":3}},{"start":{},"end":{}}],"line":61},"8":{"loc":{"start":{"line":61,"column":6},"end":{"line":61,"column":61}},"type":"binary-expr","locations":[{"start":{"line":61,"column":6},"end":{"line":61,"column":14}},{"start":{"line":61,"column":18},"end":{"line":61,"column":61}}],"line":61},"9":{"loc":{"start":{"line":76,"column":4},"end":{"line":79,"column":5}},"type":"if","locations":[{"start":{"line":76,"column":4},"end":{"line":79,"column":5}},{"start":{},"end":{}}],"line":76},"10":{"loc":{"start":{"line":80,"column":4},"end":{"line":83,"column":5}},"type":"if","locations":[{"start":{"line":80,"column":4},"end":{"line":83,"column":5}},{"start":{},"end":{}}],"line":80},"11":{"loc":{"start":{"line":95,"column":2},"end":{"line":97,"column":3}},"type":"if","locations":[{"start":{"line":95,"column":2},"end":{"line":97,"column":3}},{"start":{},"end":{}}],"line":95},"12":{"loc":{"start":{"line":100,"column":4},"end":{"line":102,"column":5}},"type":"if","locations":[{"start":{"line":100,"column":4},"end":{"line":102,"column":5}},{"start":{},"end":{}}],"line":100},"13":{"loc":{"start":{"line":104,"column":4},"end":{"line":106,"column":5}},"type":"if","locations":[{"start":{"line":104,"column":4},"end":{"line":106,"column":5}},{"start":{},"end":{}}],"line":104},"14":{"loc":{"start":{"line":138,"column":23},"end":{"line":138,"column":56}},"type":"binary-expr","locations":[{"start":{"line":138,"column":24},"end":{"line":138,"column":32}},{"start":{"line":138,"column":36},"end":{"line":138,"column":50}},{"start":{"line":138,"column":55},"end":{"line":138,"column":56}}],"line":138},"15":{"loc":{"start":{"line":139,"column":2},"end":{"line":141,"column":3}},"type":"if","locations":[{"start":{"line":139,"column":2},"end":{"line":141,"column":3}},{"start":{},"end":{}}],"line":139}},"s":{"0":1,"1":1,"2":1,"3":1,"4":1,"5":4,"6":1,"7":0,"8":0,"9":0,"10":0,"11":0,"12":1,"13":1,"14":1,"15":1,"16":0,"17":0,"18":0,"19":0,"20":0,"21":0,"22":0,"23":1,"24":1,"25":1,"26":1,"27":0,"28":1,"29":1,"30":0,"31":0,"32":0,"33":0,"34":0,"35":1,"36":2,"37":2,"38":1,"39":1,"40":1,"41":0,"42":0,"43":0,"44":0,"45":0,"46":0,"47":0,"48":0,"49":0,"50":0,"51":0,"52":0,"53":0,"54":0,"55":1,"56":1,"57":1,"58":1,"59":0,"60":0,"61":0,"62":0,"63":0,"64":0,"65":0,"66":0,"67":0,"68":0,"69":0,"70":1,"71":0,"72":0,"73":0,"74":0,"75":0,"76":1,"77":0,"78":0,"79":0,"80":0,"81":1,"82":2,"83":2,"84":1,"85":1,"86":1,"87":1,"88":1,"89":1,"90":1,"91":0,"92":0,"93":0,"94":0,"95":1,"96":0,"97":0,"98":0,"99":0,"100":1},"f":{"0":4,"1":0,"2":1,"3":1,"4":2,"5":1,"6":0,"7":0,"8":2,"9":1,"10":0,"11":0},"b":{"0":[1,0],"1":[0,0],"2":[0],"3":[0,1],"4":[1,0],"5":[1,1],"6":[2,1],"7":[1,0],"8":[1,1],"9":[0,0],"10":[0,0],"11":[1,0],"12":[0,0],"13":[0,0],"14":[2,2,0],"15":[1,1]},"inputSourceMap":null,"_coverageSchema":"1a1c01bbd47fc00a2c39e90264f33305004495a9","hash":"b14f9e45fd9a10de8332721237631e0369edfe5a"}
,"C:\\Users\\mraja\\OneDrive\\Desktop\\wtf\\backend\\src\\services\\anomalyService.js": {"path":"C:\\Users\\mraja\\OneDrive\\Desktop\\wtf\\backend\\src\\services\\anomalyService.js","statementMap":{"0":{"start":{"line":1,"column":13},"end":{"line":1,"column":34}},"1":{"start":{"line":5,"column":4},"end":{"line":5,"column":36}},"2":{"start":{"line":8,"column":14},"end":{"line":8,"column":24}},"3":{"start":{"line":9,"column":25},"end":{"line":9,"column":63}},"4":{"start":{"line":10,"column":20},"end":{"line":13,"column":3}},"5":{"start":{"line":11,"column":19},"end":{"line":11,"column":63}},"6":{"start":{"line":12,"column":4},"end":{"line":12,"column":29}},"7":{"start":{"line":14,"column":15},"end":{"line":14,"column":33}},"8":{"start":{"line":15,"column":16},"end":{"line":15,"column":35}},"9":{"start":{"line":16,"column":2},"end":{"line":16,"column":59}},"10":{"start":{"line":20,"column":17},"end":{"line":23,"column":3}},"11":{"start":{"line":24,"column":2},"end":{"line":24,"column":30}},"12":{"start":{"line":28,"column":17},"end":{"line":32,"column":3}},"13":{"start":{"line":33,"column":2},"end":{"line":33,"column":30}},"14":{"start":{"line":37,"column":17},"end":{"line":42,"column":3}},"15":{"start":{"line":43,"column":2},"end":{"line":43,"column":30}},"16":{"start":{"line":47,"column":17},"end":{"line":51,"column":3}},"17":{"start":{"line":52,"column":2},"end":{"line":52,"column":56}},"18":{"start":{"line":52,"column":40},"end":{"line":52,"column":56}},"19":{"start":{"line":53,"column":2},"end":{"line":53,"column":46}},"20":{"start":{"line":57,"column":17},"end":{"line":61,"column":3}},"21":{"start":{"line":62,"column":2},"end":{"line":62,"column":32}},"22":{"start":{"line":66,"column":17},"end":{"line":70,"column":3}},"23":{"start":{"line":71,"column":18},"end":{"line":71,"column":32}},"24":{"start":{"line":72,"column":2},"end":{"line":79,"column":5}},"25":{"start":{"line":80,"column":2},"end":{"line":80,"column":17}},"26":{"start":{"line":84,"column":17},"end":{"line":88,"column":3}},"27":{"start":{"line":89,"column":2},"end":{"line":95,"column":3}},"28":{"start":{"line":90,"column":4},"end":{"line":94,"column":7}},"29":{"start":{"line":100,"column":2},"end":{"line":108,"column":3}},"30":{"start":{"line":101,"column":19},"end":{"line":103,"column":5}},"31":{"start":{"line":104,"column":4},"end":{"line":104,"column":23}},"32":{"start":{"line":106,"column":4},"end":{"line":106,"column":75}},"33":{"start":{"line":107,"column":4},"end":{"line":107,"column":11}},"34":{"start":{"line":110,"column":2},"end":{"line":114,"column":3}},"35":{"start":{"line":111,"column":4},"end":{"line":111,"column":33}},"36":{"start":{"line":112,"column":4},"end":{"line":112,"column":35}},"37":{"start":{"line":113,"column":4},"end":{"line":113,"column":32}},"38":{"start":{"line":118,"column":2},"end":{"line":139,"column":3}},"39":{"start":{"line":119,"column":4},"end":{"line":119,"column":63}},"40":{"start":{"line":119,"column":56},"end":{"line":119,"column":63}},"41":{"start":{"line":121,"column":23},"end":{"line":121,"column":61}},"42":{"start":{"line":122,"column":21},"end":{"line":122,"column":68}},"43":{"start":{"line":124,"column":4},"end":{"line":136,"column":5}},"44":{"start":{"line":125,"column":6},"end":{"line":133,"column":7}},"45":{"start":{"line":126,"column":8},"end":{"line":132,"column":10}},"46":{"start":{"line":134,"column":11},"end":{"line":136,"column":5}},"47":{"start":{"line":135,"column":6},"end":{"line":135,"column":48}},"48":{"start":{"line":138,"column":4},"end":{"line":138,"column":77}},"49":{"start":{"line":143,"column":2},"end":{"line":163,"column":3}},"50":{"start":{"line":144,"column":22},"end":{"line":144,"column":52}},"51":{"start":{"line":145,"column":16},"end":{"line":145,"column":48}},"52":{"start":{"line":146,"column":21},"end":{"line":146,"column":70}},"53":{"start":{"line":148,"column":4},"end":{"line":160,"column":5}},"54":{"start":{"line":149,"column":6},"end":{"line":157,"column":7}},"55":{"start":{"line":150,"column":8},"end":{"line":156,"column":10}},"56":{"start":{"line":158,"column":11},"end":{"line":160,"column":5}},"57":{"start":{"line":159,"column":6},"end":{"line":159,"column":48}},"58":{"start":{"line":162,"column":4},"end":{"line":162,"column":80}},"59":{"start":{"line":167,"column":2},"end":{"line":190,"column":3}},"60":{"start":{"line":168,"column":21},"end":{"line":168,"column":50}},"61":{"start":{"line":169,"column":24},"end":{"line":169,"column":63}},"62":{"start":{"line":170,"column":4},"end":{"line":170,"column":34}},"63":{"start":{"line":170,"column":27},"end":{"line":170,"column":34}},"64":{"start":{"line":172,"column":20},"end":{"line":172,"column":66}},"65":{"start":{"line":173,"column":21},"end":{"line":173,"column":67}},"66":{"start":{"line":175,"column":4},"end":{"line":187,"column":5}},"67":{"start":{"line":176,"column":6},"end":{"line":184,"column":7}},"68":{"start":{"line":177,"column":8},"end":{"line":183,"column":10}},"69":{"start":{"line":185,"column":11},"end":{"line":187,"column":5}},"70":{"start":{"line":186,"column":6},"end":{"line":186,"column":48}},"71":{"start":{"line":189,"column":4},"end":{"line":189,"column":77}},"72":{"start":{"line":193,"column":0},"end":{"line":203,"column":2}}},"fnMap":{"0":{"name":"isOperatingHours","decl":{"start":{"line":7,"column":9},"end":{"line":7,"column":25}},"loc":{"start":{"line":7,"column":45},"end":{"line":17,"column":1}},"line":7},"1":{"name":"(anonymous_1)","decl":{"start":{"line":10,"column":20},"end":{"line":10,"column":21}},"loc":{"start":{"line":10,"column":27},"end":{"line":13,"column":3}},"line":10},"2":{"name":"getLiveOccupancy","decl":{"start":{"line":19,"column":15},"end":{"line":19,"column":31}},"loc":{"start":{"line":19,"column":39},"end":{"line":25,"column":1}},"line":19},"3":{"name":"getTodayRevenue","decl":{"start":{"line":27,"column":15},"end":{"line":27,"column":30}},"loc":{"start":{"line":27,"column":38},"end":{"line":34,"column":1}},"line":27},"4":{"name":"getLastWeekSameDayRevenue","decl":{"start":{"line":36,"column":15},"end":{"line":36,"column":40}},"loc":{"start":{"line":36,"column":48},"end":{"line":44,"column":1}},"line":36},"5":{"name":"getHoursSinceLastCheckin","decl":{"start":{"line":46,"column":15},"end":{"line":46,"column":39}},"loc":{"start":{"line":46,"column":47},"end":{"line":54,"column":1}},"line":46},"6":{"name":"getActiveAnomaly","decl":{"start":{"line":56,"column":15},"end":{"line":56,"column":31}},"loc":{"start":{"line":56,"column":45},"end":{"line":63,"column":1}},"line":56},"7":{"name":"createAnomaly","decl":{"start":{"line":65,"column":15},"end":{"line":65,"column":28}},"loc":{"start":{"line":65,"column":70},"end":{"line":81,"column":1}},"line":65},"8":{"name":"resolveAnomaly","decl":{"start":{"line":83,"column":15},"end":{"line":83,"column":29}},"loc":{"start":{"line":83,"column":48},"end":{"line":96,"column":1}},"line":83},"9":{"name":"runAnomalyDetection","decl":{"start":{"line":98,"column":15},"end":{"line":98,"column":34}},"loc":{"start":{"line":98,"column":37},"end":{"line":115,"column":1}},"line":98},"10":{"name":"checkZeroCheckins","decl":{"start":{"line":117,"column":15},"end":{"line":117,"column":32}},"loc":{"start":{"line":117,"column":38},"end":{"line":140,"column":1}},"line":117},"11":{"name":"checkCapacityBreach","decl":{"start":{"line":142,"column":15},"end":{"line":142,"column":34}},"loc":{"start":{"line":142,"column":40},"end":{"line":164,"column":1}},"line":142},"12":{"name":"checkRevenueDrop","decl":{"start":{"line":166,"column":15},"end":{"line":166,"column":31}},"loc":{"start":{"line":166,"column":37},"end":{"line":191,"column":1}},"line":166}},"branchMap":{"0":{"loc":{"start":{"line":12,"column":21},"end":{"line":12,"column":27}},"type":"binary-expr","locations":[{"start":{"line":12,"column":21},"end":{"line":12,"column":22}},{"start":{"line":12,"column":26},"end":{"line":12,"column":27}}],"line":12},"1":{"loc":{"start":{"line":16,"column":9},"end":{"line":16,"column":58}},"type":"binary-expr","locations":[{"start":{"line":16,"column":9},"end":{"line":16,"column":31}},{"start":{"line":16,"column":35},"end":{"line":16,"column":58}}],"line":16},"2":{"loc":{"start":{"line":52,"column":2},"end":{"line":52,"column":56}},"type":"if","locations":[{"start":{"line":52,"column":2},"end":{"line":52,"column":56}},{"start":{},"end":{}}],"line":52},"3":{"loc":{"start":{"line":62,"column":9},"end":{"line":62,"column":31}},"type":"binary-expr","locations":[{"start":{"line":62,"column":9},"end":{"line":62,"column":23}},{"start":{"line":62,"column":27},"end":{"line":62,"column":31}}],"line":62},"4":{"loc":{"start":{"line":89,"column":2},"end":{"line":95,"column":3}},"type":"if","locations":[{"start":{"line":89,"column":2},"end":{"line":95,"column":3}},{"start":{},"end":{}}],"line":89},"5":{"loc":{"start":{"line":119,"column":4},"end":{"line":119,"column":63}},"type":"if","locations":[{"start":{"line":119,"column":4},"end":{"line":119,"column":63}},{"start":{},"end":{}}],"line":119},"6":{"loc":{"start":{"line":124,"column":4},"end":{"line":136,"column":5}},"type":"if","locations":[{"start":{"line":124,"column":4},"end":{"line":136,"column":5}},{"start":{"line":134,"column":11},"end":{"line":136,"column":5}}],"line":124},"7":{"loc":{"start":{"line":125,"column":6},"end":{"line":133,"column":7}},"type":"if","locations":[{"start":{"line":125,"column":6},"end":{"line":133,"column":7}},{"start":{},"end":{}}],"line":125},"8":{"loc":{"start":{"line":134,"column":11},"end":{"line":136,"column":5}},"type":"if","locations":[{"start":{"line":134,"column":11},"end":{"line":136,"column":5}},{"start":{},"end":{}}],"line":134},"9":{"loc":{"start":{"line":148,"column":4},"end":{"line":160,"column":5}},"type":"if","locations":[{"start":{"line":148,"column":4},"end":{"line":160,"column":5}},{"start":{"line":158,"column":11},"end":{"line":160,"column":5}}],"line":148},"10":{"loc":{"start":{"line":149,"column":6},"end":{"line":157,"column":7}},"type":"if","locations":[{"start":{"line":149,"column":6},"end":{"line":157,"column":7}},{"start":{},"end":{}}],"line":149},"11":{"loc":{"start":{"line":158,"column":11},"end":{"line":160,"column":5}},"type":"if","locations":[{"start":{"line":158,"column":11},"end":{"line":160,"column":5}},{"start":{},"end":{}}],"line":158},"12":{"loc":{"start":{"line":158,"column":15},"end":{"line":158,"column":35}},"type":"binary-expr","locations":[{"start":{"line":158,"column":15},"end":{"line":158,"column":23}},{"start":{"line":158,"column":27},"end":{"line":158,"column":35}}],"line":158},"13":{"loc":{"start":{"line":170,"column":4},"end":{"line":170,"column":34}},"type":"if","locations":[{"start":{"line":170,"column":4},"end":{"line":170,"column":34}},{"start":{},"end":{}}],"line":170},"14":{"loc":{"start":{"line":175,"column":4},"end":{"line":187,"column":5}},"type":"if","locations":[{"start":{"line":175,"column":4},"end":{"line":187,"column":5}},{"start":{"line":185,"column":11},"end":{"line":187,"column":5}}],"line":175},"15":{"loc":{"start":{"line":176,"column":6},"end":{"line":184,"column":7}},"type":"if","locations":[{"start":{"line":176,"column":6},"end":{"line":184,"column":7}},{"start":{},"end":{}}],"line":176},"16":{"loc":{"start":{"line":185,"column":11},"end":{"line":187,"column":5}},"type":"if","locations":[{"start":{"line":185,"column":11},"end":{"line":187,"column":5}},{"start":{},"end":{}}],"line":185},"17":{"loc":{"start":{"line":185,"column":15},"end":{"line":185,"column":40}},"type":"binary-expr","locations":[{"start":{"line":185,"column":15},"end":{"line":185,"column":28}},{"start":{"line":185,"column":32},"end":{"line":185,"column":40}}],"line":185}},"s":{"0":1,"1":1,"2":0,"3":0,"4":0,"5":0,"6":0,"7":0,"8":0,"9":0,"10":0,"11":0,"12":0,"13":0,"14":0,"15":0,"16":0,"17":0,"18":0,"19":0,"20":0,"21":0,"22":0,"23":0,"24":0,"25":0,"26":0,"27":0,"28":0,"29":0,"30":0,"31":0,"32":0,"33":0,"34":0,"35":0,"36":0,"37":0,"38":0,"39":0,"40":0,"41":0,"42":0,"43":0,"44":0,"45":0,"46":0,"47":0,"48":0,"49":0,"50":0,"51":0,"52":0,"53":0,"54":0,"55":0,"56":0,"57":0,"58":0,"59":0,"60":0,"61":0,"62":0,"63":0,"64":0,"65":0,"66":0,"67":0,"68":0,"69":0,"70":0,"71":0,"72":1},"f":{"0":0,"1":0,"2":0,"3":0,"4":0,"5":0,"6":0,"7":0,"8":0,"9":0,"10":0,"11":0,"12":0},"b":{"0":[0,0],"1":[0,0],"2":[0,0],"3":[0,0],"4":[0,0],"5":[0,0],"6":[0,0],"7":[0,0],"8":[0,0],"9":[0,0],"10":[0,0],"11":[0,0],"12":[0,0],"13":[0,0],"14":[0,0],"15":[0,0],"16":[0,0],"17":[0,0]},"inputSourceMap":null,"_coverageSchema":"1a1c01bbd47fc00a2c39e90264f33305004495a9","hash":"eee11f3bd9b075e9a6974058bef125310632b9c1"}
,"C:\\Users\\mraja\\OneDrive\\Desktop\\wtf\\backend\\src\\services\\simulatorService.js": {"path":"C:\\Users\\mraja\\OneDrive\\Desktop\\wtf\\backend\\src\\services\\simulatorService.js","statementMap":{"0":{"start":{"line":1,"column":13},"end":{"line":1,"column":34}},"1":{"start":{"line":6,"column":4},"end":{"line":6,"column":36}},"2":{"start":{"line":7,"column":36},"end":{"line":7,"column":70}},"3":{"start":{"line":9,"column":24},"end":{"line":9,"column":28}},"4":{"start":{"line":10,"column":21},"end":{"line":10,"column":22}},"5":{"start":{"line":11,"column":16},"end":{"line":11,"column":21}},"6":{"start":{"line":17,"column":17},"end":{"line":25,"column":4}},"7":{"start":{"line":26,"column":2},"end":{"line":26,"column":21}},"8":{"start":{"line":34,"column":23},"end":{"line":46,"column":3}},"9":{"start":{"line":48,"column":2},"end":{"line":48,"column":40}},"10":{"start":{"line":48,"column":33},"end":{"line":48,"column":40}},"11":{"start":{"line":49,"column":17},"end":{"line":49,"column":37}},"12":{"start":{"line":51,"column":24},"end":{"line":57,"column":3}},"13":{"start":{"line":60,"column":2},"end":{"line":62,"column":5}},"14":{"start":{"line":65,"column":20},"end":{"line":68,"column":3}},"15":{"start":{"line":69,"column":27},"end":{"line":69,"column":64}},"16":{"start":{"line":70,"column":22},"end":{"line":72,"column":3}},"17":{"start":{"line":74,"column":2},"end":{"line":80,"column":5}},"18":{"start":{"line":88,"column":17},"end":{"line":98,"column":3}},"19":{"start":{"line":100,"column":2},"end":{"line":100,"column":34}},"20":{"start":{"line":100,"column":27},"end":{"line":100,"column":34}},"21":{"start":{"line":101,"column":14},"end":{"line":101,"column":28}},"22":{"start":{"line":103,"column":2},"end":{"line":105,"column":5}},"23":{"start":{"line":107,"column":20},"end":{"line":110,"column":3}},"24":{"start":{"line":111,"column":27},"end":{"line":111,"column":64}},"25":{"start":{"line":112,"column":22},"end":{"line":114,"column":3}},"26":{"start":{"line":116,"column":2},"end":{"line":122,"column":5}},"27":{"start":{"line":129,"column":2},"end":{"line":129,"column":35}},"28":{"start":{"line":129,"column":28},"end":{"line":129,"column":35}},"29":{"start":{"line":131,"column":17},"end":{"line":136,"column":4}},"30":{"start":{"line":137,"column":2},"end":{"line":137,"column":34}},"31":{"start":{"line":137,"column":27},"end":{"line":137,"column":34}},"32":{"start":{"line":138,"column":17},"end":{"line":138,"column":31}},"33":{"start":{"line":141,"column":4},"end":{"line":143,"column":15}},"34":{"start":{"line":145,"column":2},"end":{"line":151,"column":4}},"35":{"start":{"line":153,"column":22},"end":{"line":156,"column":3}},"36":{"start":{"line":158,"column":2},"end":{"line":164,"column":5}},"37":{"start":{"line":171,"column":2},"end":{"line":198,"column":3}},"38":{"start":{"line":172,"column":17},"end":{"line":172,"column":38}},"39":{"start":{"line":173,"column":26},"end":{"line":173,"column":51}},"40":{"start":{"line":175,"column":4},"end":{"line":193,"column":5}},"41":{"start":{"line":176,"column":27},"end":{"line":176,"column":63}},"42":{"start":{"line":179,"column":19},"end":{"line":179,"column":32}},"43":{"start":{"line":181,"column":6},"end":{"line":192,"column":7}},"44":{"start":{"line":183,"column":8},"end":{"line":183,"column":67}},"45":{"start":{"line":183,"column":40},"end":{"line":183,"column":67}},"46":{"start":{"line":184,"column":13},"end":{"line":192,"column":7}},"47":{"start":{"line":186,"column":8},"end":{"line":187,"column":73}},"48":{"start":{"line":186,"column":24},"end":{"line":186,"column":52}},"49":{"start":{"line":187,"column":13},"end":{"line":187,"column":73}},"50":{"start":{"line":187,"column":46},"end":{"line":187,"column":73}},"51":{"start":{"line":190,"column":8},"end":{"line":191,"column":80}},"52":{"start":{"line":190,"column":41},"end":{"line":190,"column":68}},"53":{"start":{"line":191,"column":13},"end":{"line":191,"column":80}},"54":{"start":{"line":191,"column":52},"end":{"line":191,"column":80}},"55":{"start":{"line":195,"column":4},"end":{"line":195,"column":28}},"56":{"start":{"line":197,"column":4},"end":{"line":197,"column":56}},"57":{"start":{"line":205,"column":2},"end":{"line":205,"column":33}},"58":{"start":{"line":205,"column":17},"end":{"line":205,"column":33}},"59":{"start":{"line":207,"column":2},"end":{"line":207,"column":25}},"60":{"start":{"line":208,"column":2},"end":{"line":208,"column":19}},"61":{"start":{"line":209,"column":21},"end":{"line":209,"column":48}},"62":{"start":{"line":211,"column":2},"end":{"line":211,"column":61}},"63":{"start":{"line":212,"column":2},"end":{"line":214,"column":4}},"64":{"start":{"line":221,"column":2},"end":{"line":224,"column":3}},"65":{"start":{"line":222,"column":4},"end":{"line":222,"column":37}},"66":{"start":{"line":223,"column":4},"end":{"line":223,"column":29}},"67":{"start":{"line":225,"column":2},"end":{"line":225,"column":20}},"68":{"start":{"line":226,"column":2},"end":{"line":226,"column":35}},"69":{"start":{"line":233,"column":2},"end":{"line":233,"column":18}},"70":{"start":{"line":234,"column":2},"end":{"line":236,"column":4}},"71":{"start":{"line":237,"column":2},"end":{"line":237,"column":60}},"72":{"start":{"line":241,"column":2},"end":{"line":241,"column":77}},"73":{"start":{"line":244,"column":0},"end":{"line":251,"column":2}}},"fnMap":{"0":{"name":"getActiveGyms","decl":{"start":{"line":16,"column":15},"end":{"line":16,"column":28}},"loc":{"start":{"line":16,"column":31},"end":{"line":27,"column":1}},"line":16},"1":{"name":"simulateCheckin","decl":{"start":{"line":32,"column":15},"end":{"line":32,"column":30}},"loc":{"start":{"line":32,"column":36},"end":{"line":81,"column":1}},"line":32},"2":{"name":"simulateCheckout","decl":{"start":{"line":86,"column":15},"end":{"line":86,"column":31}},"loc":{"start":{"line":86,"column":37},"end":{"line":123,"column":1}},"line":86},"3":{"name":"simulatePayment","decl":{"start":{"line":128,"column":15},"end":{"line":128,"column":30}},"loc":{"start":{"line":128,"column":33},"end":{"line":165,"column":1}},"line":128},"4":{"name":"simulatorTick","decl":{"start":{"line":170,"column":15},"end":{"line":170,"column":28}},"loc":{"start":{"line":170,"column":31},"end":{"line":199,"column":1}},"line":170},"5":{"name":"startSimulator","decl":{"start":{"line":204,"column":9},"end":{"line":204,"column":23}},"loc":{"start":{"line":204,"column":35},"end":{"line":215,"column":1}},"line":204},"6":{"name":"stopSimulator","decl":{"start":{"line":220,"column":9},"end":{"line":220,"column":22}},"loc":{"start":{"line":220,"column":25},"end":{"line":227,"column":1}},"line":220},"7":{"name":"resetSimulator","decl":{"start":{"line":232,"column":15},"end":{"line":232,"column":29}},"loc":{"start":{"line":232,"column":32},"end":{"line":238,"column":1}},"line":232},"8":{"name":"getStatus","decl":{"start":{"line":240,"column":9},"end":{"line":240,"column":18}},"loc":{"start":{"line":240,"column":21},"end":{"line":242,"column":1}},"line":240}},"branchMap":{"0":{"loc":{"start":{"line":48,"column":2},"end":{"line":48,"column":40}},"type":"if","locations":[{"start":{"line":48,"column":2},"end":{"line":48,"column":40}},{"start":{},"end":{}}],"line":48},"1":{"loc":{"start":{"line":100,"column":2},"end":{"line":100,"column":34}},"type":"if","locations":[{"start":{"line":100,"column":2},"end":{"line":100,"column":34}},{"start":{},"end":{}}],"line":100},"2":{"loc":{"start":{"line":129,"column":2},"end":{"line":129,"column":35}},"type":"if","locations":[{"start":{"line":129,"column":2},"end":{"line":129,"column":35}},{"start":{},"end":{}}],"line":129},"3":{"loc":{"start":{"line":137,"column":2},"end":{"line":137,"column":34}},"type":"if","locations":[{"start":{"line":137,"column":2},"end":{"line":137,"column":34}},{"start":{},"end":{}}],"line":137},"4":{"loc":{"start":{"line":141,"column":4},"end":{"line":143,"column":15}},"type":"binary-expr","locations":[{"start":{"line":141,"column":4},"end":{"line":143,"column":5}},{"start":{"line":143,"column":9},"end":{"line":143,"column":15}}],"line":141},"5":{"loc":{"start":{"line":181,"column":6},"end":{"line":192,"column":7}},"type":"if","locations":[{"start":{"line":181,"column":6},"end":{"line":192,"column":7}},{"start":{"line":184,"column":13},"end":{"line":192,"column":7}}],"line":181},"6":{"loc":{"start":{"line":183,"column":8},"end":{"line":183,"column":67}},"type":"if","locations":[{"start":{"line":183,"column":8},"end":{"line":183,"column":67}},{"start":{},"end":{}}],"line":183},"7":{"loc":{"start":{"line":184,"column":13},"end":{"line":192,"column":7}},"type":"if","locations":[{"start":{"line":184,"column":13},"end":{"line":192,"column":7}},{"start":{"line":188,"column":13},"end":{"line":192,"column":7}}],"line":184},"8":{"loc":{"start":{"line":186,"column":8},"end":{"line":187,"column":73}},"type":"if","locations":[{"start":{"line":186,"column":8},"end":{"line":187,"column":73}},{"start":{"line":187,"column":13},"end":{"line":187,"column":73}}],"line":186},"9":{"loc":{"start":{"line":187,"column":13},"end":{"line":187,"column":73}},"type":"if","locations":[{"start":{"line":187,"column":13},"end":{"line":187,"column":73}},{"start":{},"end":{}}],"line":187},"10":{"loc":{"start":{"line":190,"column":8},"end":{"line":191,"column":80}},"type":"if","locations":[{"start":{"line":190,"column":8},"end":{"line":191,"column":80}},{"start":{"line":191,"column":13},"end":{"line":191,"column":80}}],"line":190},"11":{"loc":{"start":{"line":191,"column":13},"end":{"line":191,"column":80}},"type":"if","locations":[{"start":{"line":191,"column":13},"end":{"line":191,"column":80}},{"start":{},"end":{}}],"line":191},"12":{"loc":{"start":{"line":204,"column":24},"end":{"line":204,"column":33}},"type":"default-arg","locations":[{"start":{"line":204,"column":32},"end":{"line":204,"column":33}}],"line":204},"13":{"loc":{"start":{"line":205,"column":2},"end":{"line":205,"column":33}},"type":"if","locations":[{"start":{"line":205,"column":2},"end":{"line":205,"column":33}},{"start":{},"end":{}}],"line":205},"14":{"loc":{"start":{"line":221,"column":2},"end":{"line":224,"column":3}},"type":"if","locations":[{"start":{"line":221,"column":2},"end":{"line":224,"column":3}},{"start":{},"end":{}}],"line":221},"15":{"loc":{"start":{"line":241,"column":19},"end":{"line":241,"column":51}},"type":"cond-expr","locations":[{"start":{"line":241,"column":31},"end":{"line":241,"column":40}},{"start":{"line":241,"column":43},"end":{"line":241,"column":51}}],"line":241}},"s":{"0":1,"1":1,"2":1,"3":1,"4":1,"5":1,"6":0,"7":0,"8":0,"9":0,"10":0,"11":0,"12":0,"13":0,"14":0,"15":0,"16":0,"17":0,"18":0,"19":0,"20":0,"21":0,"22":0,"23":0,"24":0,"25":0,"26":0,"27":0,"28":0,"29":0,"30":0,"31":0,"32":0,"33":0,"34":0,"35":0,"36":0,"37":0,"38":0,"39":0,"40":0,"41":0,"42":0,"43":0,"44":0,"45":0,"46":0,"47":0,"48":0,"49":0,"50":0,"51":0,"52":0,"53":0,"54":0,"55":0,"56":0,"57":1,"58":0,"59":1,"60":1,"61":1,"62":1,"63":1,"64":2,"65":1,"66":1,"67":2,"68":2,"69":0,"70":0,"71":0,"72":0,"73":1},"f":{"0":0,"1":0,"2":0,"3":0,"4":0,"5":1,"6":2,"7":0,"8":0},"b":{"0":[0,0],"1":[0,0],"2":[0,0],"3":[0,0],"4":[0,0],"5":[0,0],"6":[0,0],"7":[0,0],"8":[0,0],"9":[0,0],"10":[0,0],"11":[0,0],"12":[0],"13":[0,1],"14":[1,1],"15":[0,0]},"inputSourceMap":null,"_coverageSchema":"1a1c01bbd47fc00a2c39e90264f33305004495a9","hash":"876e9a0eae56a94812f96cd2e7e090cba63bfda1"}
,"C:\\Users\\mraja\\OneDrive\\Desktop\\wtf\\backend\\src\\services\\statsService.js": {"path":"C:\\Users\\mraja\\OneDrive\\Desktop\\wtf\\backend\\src\\services\\statsService.js","statementMap":{"0":{"start":{"line":1,"column":13},"end":{"line":1,"column":34}},"1":{"start":{"line":3,"column":21},"end":{"line":3,"column":75}},"2":{"start":{"line":6,"column":17},"end":{"line":14,"column":4}},"3":{"start":{"line":15,"column":2},"end":{"line":20,"column":6}},"4":{"start":{"line":15,"column":35},"end":{"line":20,"column":3}},"5":{"start":{"line":25,"column":4},"end":{"line":65,"column":6}},"6":{"start":{"line":67,"column":2},"end":{"line":67,"column":42}},"7":{"start":{"line":67,"column":30},"end":{"line":67,"column":42}},"8":{"start":{"line":68,"column":14},"end":{"line":68,"column":31}},"9":{"start":{"line":69,"column":20},"end":{"line":69,"column":43}},"10":{"start":{"line":70,"column":23},"end":{"line":70,"column":46}},"11":{"start":{"line":71,"column":2},"end":{"line":85,"column":4}},"12":{"start":{"line":77,"column":49},"end":{"line":83,"column":5}},"13":{"start":{"line":89,"column":14},"end":{"line":89,"column":57}},"14":{"start":{"line":90,"column":26},"end":{"line":90,"column":43}},"15":{"start":{"line":92,"column":24},"end":{"line":95,"column":3}},"16":{"start":{"line":97,"column":30},"end":{"line":105,"column":3}},"17":{"start":{"line":107,"column":22},"end":{"line":119,"column":3}},"18":{"start":{"line":121,"column":22},"end":{"line":127,"column":3}},"19":{"start":{"line":129,"column":2},"end":{"line":134,"column":4}},"20":{"start":{"line":138,"column":17},"end":{"line":147,"column":4}},"21":{"start":{"line":148,"column":2},"end":{"line":148,"column":21}},"22":{"start":{"line":152,"column":17},"end":{"line":157,"column":4}},"23":{"start":{"line":158,"column":14},"end":{"line":158,"column":28}},"24":{"start":{"line":159,"column":2},"end":{"line":163,"column":4}},"25":{"start":{"line":166,"column":0},"end":{"line":172,"column":2}}},"fnMap":{"0":{"name":"getAllGymsWithStats","decl":{"start":{"line":5,"column":15},"end":{"line":5,"column":34}},"loc":{"start":{"line":5,"column":37},"end":{"line":21,"column":1}},"line":5},"1":{"name":"(anonymous_1)","decl":{"start":{"line":15,"column":25},"end":{"line":15,"column":26}},"loc":{"start":{"line":15,"column":35},"end":{"line":20,"column":3}},"line":15},"2":{"name":"getGymLiveSnapshot","decl":{"start":{"line":23,"column":15},"end":{"line":23,"column":33}},"loc":{"start":{"line":23,"column":41},"end":{"line":86,"column":1}},"line":23},"3":{"name":"(anonymous_3)","decl":{"start":{"line":77,"column":41},"end":{"line":77,"column":42}},"loc":{"start":{"line":77,"column":49},"end":{"line":83,"column":5}},"line":77},"4":{"name":"getGymAnalytics","decl":{"start":{"line":88,"column":15},"end":{"line":88,"column":30}},"loc":{"start":{"line":88,"column":57},"end":{"line":135,"column":1}},"line":88},"5":{"name":"getCrossGymRevenue","decl":{"start":{"line":137,"column":15},"end":{"line":137,"column":33}},"loc":{"start":{"line":137,"column":36},"end":{"line":149,"column":1}},"line":137},"6":{"name":"getAllGymsSummary","decl":{"start":{"line":151,"column":15},"end":{"line":151,"column":32}},"loc":{"start":{"line":151,"column":35},"end":{"line":164,"column":1}},"line":151}},"branchMap":{"0":{"loc":{"start":{"line":67,"column":2},"end":{"line":67,"column":42}},"type":"if","locations":[{"start":{"line":67,"column":2},"end":{"line":67,"column":42}},{"start":{},"end":{}}],"line":67},"1":{"loc":{"start":{"line":88,"column":38},"end":{"line":88,"column":55}},"type":"default-arg","locations":[{"start":{"line":88,"column":50},"end":{"line":88,"column":55}}],"line":88},"2":{"loc":{"start":{"line":89,"column":14},"end":{"line":89,"column":57}},"type":"cond-expr","locations":[{"start":{"line":89,"column":40},"end":{"line":89,"column":49}},{"start":{"line":89,"column":52},"end":{"line":89,"column":57}}],"line":89}},"s":{"0":1,"1":1,"2":0,"3":0,"4":0,"5":0,"6":0,"7":0,"8":0,"9":0,"10":0,"11":0,"12":0,"13":0,"14":0,"15":0,"16":0,"17":0,"18":0,"19":0,"20":0,"21":0,"22":0,"23":0,"24":0,"25":1},"f":{"0":0,"1":0,"2":0,"3":0,"4":0,"5":0,"6":0},"b":{"0":[0,0],"1":[0],"2":[0,0]},"inputSourceMap":null,"_coverageSchema":"1a1c01bbd47fc00a2c39e90264f33305004495a9","hash":"b1adf38572e606c4ed5ccae023a112c40080f017"}
,"C:\\Users\\mraja\\OneDrive\\Desktop\\wtf\\backend\\src\\websocket\\wsServer.js": {"path":"C:\\Users\\mraja\\OneDrive\\Desktop\\wtf\\backend\\src\\websocket\\wsServer.js","statementMap":{"0":{"start":{"line":1,"column":39},"end":{"line":1,"column":52}},"1":{"start":{"line":3,"column":10},"end":{"line":3,"column":14}},"2":{"start":{"line":6,"column":2},"end":{"line":6,"column":53}},"3":{"start":{"line":8,"column":2},"end":{"line":22,"column":5}},"4":{"start":{"line":9,"column":4},"end":{"line":9,"column":75}},"5":{"start":{"line":10,"column":4},"end":{"line":12,"column":7}},"6":{"start":{"line":11,"column":6},"end":{"line":11,"column":77}},"7":{"start":{"line":13,"column":4},"end":{"line":15,"column":7}},"8":{"start":{"line":14,"column":6},"end":{"line":14,"column":60}},"9":{"start":{"line":16,"column":4},"end":{"line":21,"column":6}},"10":{"start":{"line":24,"column":2},"end":{"line":26,"column":5}},"11":{"start":{"line":25,"column":4},"end":{"line":25,"column":58}},"12":{"start":{"line":28,"column":2},"end":{"line":28,"column":41}},"13":{"start":{"line":29,"column":2},"end":{"line":29,"column":13}},"14":{"start":{"line":33,"column":2},"end":{"line":33,"column":19}},"15":{"start":{"line":33,"column":12},"end":{"line":33,"column":19}},"16":{"start":{"line":34,"column":18},"end":{"line":34,"column":39}},"17":{"start":{"line":35,"column":2},"end":{"line":37,"column":5}},"18":{"start":{"line":36,"column":4},"end":{"line":36,"column":67}},"19":{"start":{"line":36,"column":46},"end":{"line":36,"column":67}},"20":{"start":{"line":41,"column":2},"end":{"line":41,"column":51}},"21":{"start":{"line":45,"column":2},"end":{"line":45,"column":52}},"22":{"start":{"line":49,"column":2},"end":{"line":49,"column":51}},"23":{"start":{"line":53,"column":2},"end":{"line":53,"column":54}},"24":{"start":{"line":57,"column":2},"end":{"line":57,"column":54}},"25":{"start":{"line":61,"column":2},"end":{"line":61,"column":36}},"26":{"start":{"line":64,"column":0},"end":{"line":73,"column":2}}},"fnMap":{"0":{"name":"initWebSocket","decl":{"start":{"line":5,"column":9},"end":{"line":5,"column":22}},"loc":{"start":{"line":5,"column":31},"end":{"line":30,"column":1}},"line":5},"1":{"name":"(anonymous_1)","decl":{"start":{"line":8,"column":23},"end":{"line":8,"column":24}},"loc":{"start":{"line":8,"column":31},"end":{"line":22,"column":3}},"line":8},"2":{"name":"(anonymous_2)","decl":{"start":{"line":10,"column":19},"end":{"line":10,"column":20}},"loc":{"start":{"line":10,"column":25},"end":{"line":12,"column":5}},"line":10},"3":{"name":"(anonymous_3)","decl":{"start":{"line":13,"column":19},"end":{"line":13,"column":20}},"loc":{"start":{"line":13,"column":28},"end":{"line":15,"column":5}},"line":13},"4":{"name":"(anonymous_4)","decl":{"start":{"line":24,"column":18},"end":{"line":24,"column":19}},"loc":{"start":{"line":24,"column":27},"end":{"line":26,"column":3}},"line":24},"5":{"name":"broadcast","decl":{"start":{"line":32,"column":9},"end":{"line":32,"column":18}},"loc":{"start":{"line":32,"column":26},"end":{"line":38,"column":1}},"line":32},"6":{"name":"(anonymous_6)","decl":{"start":{"line":35,"column":22},"end":{"line":35,"column":23}},"loc":{"start":{"line":35,"column":34},"end":{"line":37,"column":3}},"line":35},"7":{"name":"broadcastCheckin","decl":{"start":{"line":40,"column":9},"end":{"line":40,"column":25}},"loc":{"start":{"line":40,"column":35},"end":{"line":42,"column":1}},"line":40},"8":{"name":"broadcastCheckout","decl":{"start":{"line":44,"column":9},"end":{"line":44,"column":26}},"loc":{"start":{"line":44,"column":36},"end":{"line":46,"column":1}},"line":44},"9":{"name":"broadcastPayment","decl":{"start":{"line":48,"column":9},"end":{"line":48,"column":25}},"loc":{"start":{"line":48,"column":35},"end":{"line":50,"column":1}},"line":48},"10":{"name":"broadcastAnomalyDetected","decl":{"start":{"line":52,"column":9},"end":{"line":52,"column":33}},"loc":{"start":{"line":52,"column":43},"end":{"line":54,"column":1}},"line":52},"11":{"name":"broadcastAnomalyResolved","decl":{"start":{"line":56,"column":9},"end":{"line":56,"column":33}},"loc":{"start":{"line":56,"column":43},"end":{"line":58,"column":1}},"line":56},"12":{"name":"getClientCount","decl":{"start":{"line":60,"column":9},"end":{"line":60,"column":23}},"loc":{"start":{"line":60,"column":26},"end":{"line":62,"column":1}},"line":60}},"branchMap":{"0":{"loc":{"start":{"line":33,"column":2},"end":{"line":33,"column":19}},"type":"if","locations":[{"start":{"line":33,"column":2},"end":{"line":33,"column":19}},{"start":{},"end":{}}],"line":33},"1":{"loc":{"start":{"line":36,"column":4},"end":{"line":36,"column":67}},"type":"if","locations":[{"start":{"line":36,"column":4},"end":{"line":36,"column":67}},{"start":{},"end":{}}],"line":36},"2":{"loc":{"start":{"line":61,"column":9},"end":{"line":61,"column":35}},"type":"cond-expr","locations":[{"start":{"line":61,"column":15},"end":{"line":61,"column":31}},{"start":{"line":61,"column":34},"end":{"line":61,"column":35}}],"line":61}},"s":{"0":1,"1":1,"2":0,"3":0,"4":0,"5":0,"6":0,"7":0,"8":0,"9":0,"10":0,"11":0,"12":0,"13":0,"14":0,"15":0,"16":0,"17":0,"18":0,"19":0,"20":0,"21":0,"22":0,"23":0,"24":0,"25":0,"26":1},"f":{"0":0,"1":0,"2":0,"3":0,"4":0,"5":0,"6":0,"7":0,"8":0,"9":0,"10":0,"11":0,"12":0},"b":{"0":[0,0],"1":[0,0],"2":[0,0]},"inputSourceMap":null,"_coverageSchema":"1a1c01bbd47fc00a2c39e90264f33305004495a9","hash":"d3e8c6733830172fd1c3261abee4fe337e9f9376"}
}
