TN:
SF:src\app.js
FN:13,createApp
FN:20,(anonymous_1)
FN:26,boot
FN:40,(anonymous_3)
FN:41,(anonymous_4)
FN:49,(anonymous_5)
FNF:6
FNH:2
FNDA:1,createApp
FNDA:1,(anonymous_1)
FNDA:0,boot
FNDA:0,(anonymous_3)
FNDA:0,(anonymous_4)
FNDA:0,(anonymous_5)
DA:1,1
DA:3,1
DA:4,1
DA:5,1
DA:6,1
DA:7,1
DA:8,1
DA:9,1
DA:11,1
DA:14,1
DA:15,1
DA:16,1
DA:17,1
DA:19,1
DA:20,1
DA:21,1
DA:23,1
DA:27,0
DA:28,0
DA:29,0
DA:31,0
DA:32,0
DA:33,0
DA:36,0
DA:37,0
DA:40,0
DA:41,0
DA:42,0
DA:43,0
DA:48,1
DA:49,0
DA:50,0
DA:51,0
DA:55,1
LF:34
LH:19
BRDA:11,0,0,1
BRDA:11,0,1,0
BRDA:31,1,0,0
BRDA:31,1,1,0
BRDA:36,2,0,0
BRDA:36,2,1,0
BRDA:48,3,0,0
BRDA:48,3,1,1
BRF:8
BRH:2
end_of_record
TN:
SF:src\db\pool.js
FN:10,(anonymous_0)
FNF:1
FNH:0
FNDA:0,(anonymous_0)
DA:1,1
DA:3,1
DA:10,1
DA:11,0
DA:14,1
LF:5
LH:4
BRF:0
BRH:0
end_of_record
TN:
SF:src\jobs\anomalyDetector.js
FN:8,refreshMaterializedView
FN:22,startAnomalyDetector
FN:26,(anonymous_2)
FN:30,(anonymous_3)
FN:31,(anonymous_4)
FN:39,stopAnomalyDetector
FNF:6
FNH:0
FNDA:0,refreshMaterializedView
FNDA:0,startAnomalyDetector
FNDA:0,(anonymous_2)
FNDA:0,(anonymous_3)
FNDA:0,(anonymous_4)
FNDA:0,stopAnomalyDetector
DA:1,1
DA:2,1
DA:4,1
DA:5,1
DA:6,1
DA:9,0
DA:10,0
DA:11,0
DA:13,0
DA:14,0
DA:15,0
DA:17,0
DA:23,0
DA:25,0
DA:26,0
DA:27,0
DA:30,0
DA:31,0
DA:32,0
DA:36,0
DA:40,0
DA:41,0
DA:42,0
DA:44,0
DA:45,0
DA:46,0
DA:50,1
LF:27
LH:6
BRDA:23,0,0,0
BRDA:23,0,1,0
BRDA:40,1,0,0
BRDA:40,1,1,0
BRDA:44,2,0,0
BRDA:44,2,1,0
BRF:6
BRH:0
end_of_record
TN:
SF:src\jobs\simulator.js
FNF:0
FNH:0
DA:1,0
DA:3,0
LF:2
LH:0
BRF:0
BRH:0
end_of_record
TN:
SF:src\lib\anomalyMath.js
FN:1,computeRevenueDropPercent
FN:6,shouldFireCapacityAnomaly
FN:10,shouldResolveCapacityAnomaly
FNF:3
FNH:3
FNDA:3,computeRevenueDropPercent
FNDA:2,shouldFireCapacityAnomaly
FNDA:2,shouldResolveCapacityAnomaly
DA:2,3
DA:3,2
DA:7,2
DA:11,2
DA:14,1
LF:5
LH:5
BRDA:2,0,0,1
BRDA:2,0,1,2
BRDA:2,1,0,3
BRDA:2,1,1,2
BRF:4
BRH:4
end_of_record
TN:
SF:src\lib\simulatorWeights.js
FN:30,getCurrentTrafficWeight
FNF:1
FNH:1
FNDA:1,getCurrentTrafficWeight
DA:1,2
DA:28,2
DA:31,1
DA:32,1
DA:33,1
DA:36,2
LF:6
LH:6
BRDA:33,0,0,1
BRDA:33,0,1,0
BRDA:33,1,0,1
BRDA:33,1,1,0
BRF:4
BRH:2
end_of_record
TN:
SF:src\routes\index.js
FN:7,isValidUUID
FN:13,(anonymous_1)
FN:23,(anonymous_2)
FN:38,(anonymous_3)
FN:56,(anonymous_4)
FN:93,(anonymous_5)
FN:118,(anonymous_6)
FN:128,(anonymous_7)
FN:137,(anonymous_8)
FN:146,(anonymous_9)
FN:151,(anonymous_10)
FN:160,(anonymous_11)
FNF:12
FNH:7
FNDA:4,isValidUUID
FNDA:0,(anonymous_1)
FNDA:1,(anonymous_2)
FNDA:1,(anonymous_3)
FNDA:2,(anonymous_4)
FNDA:1,(anonymous_5)
FNDA:0,(anonymous_6)
FNDA:0,(anonymous_7)
FNDA:2,(anonymous_8)
FNDA:1,(anonymous_9)
FNDA:0,(anonymous_10)
FNDA:0,(anonymous_11)
DA:1,1
DA:2,1
DA:3,1
DA:4,1
DA:5,1
DA:8,4
DA:13,1
DA:14,0
DA:15,0
DA:16,0
DA:18,0
DA:19,0
DA:23,1
DA:24,1
DA:25,1
DA:26,1
DA:28,0
DA:29,0
DA:30,0
DA:31,0
DA:33,0
DA:34,0
DA:38,1
DA:39,1
DA:40,1
DA:41,1
DA:42,0
DA:44,1
DA:45,1
DA:47,0
DA:48,0
DA:49,0
DA:51,0
DA:52,0
DA:56,1
DA:57,2
DA:58,2
DA:59,1
DA:61,1
DA:62,1
DA:64,0
DA:65,0
DA:75,0
DA:76,0
DA:77,0
DA:78,0
DA:80,0
DA:81,0
DA:82,0
DA:84,0
DA:85,0
DA:86,0
DA:88,0
DA:89,0
DA:93,1
DA:94,1
DA:95,1
DA:96,1
DA:98,0
DA:99,0
DA:100,0
DA:101,0
DA:103,0
DA:104,0
DA:105,0
DA:107,0
DA:111,0
DA:113,0
DA:114,0
DA:118,1
DA:119,0
DA:120,0
DA:121,0
DA:123,0
DA:124,0
DA:128,1
DA:129,0
DA:130,0
DA:131,0
DA:133,0
DA:137,1
DA:138,2
DA:139,2
DA:140,1
DA:142,1
DA:143,1
DA:146,1
DA:147,1
DA:148,1
DA:151,1
DA:152,0
DA:153,0
DA:154,0
DA:156,0
DA:160,1
DA:161,0
DA:162,0
DA:163,0
DA:165,0
DA:169,1
LF:100
LH:41
BRDA:25,0,0,1
BRDA:25,0,1,0
BRDA:30,1,0,0
BRDA:30,1,1,0
BRDA:40,2,0,0
BRDA:41,3,0,0
BRDA:41,3,1,1
BRDA:44,4,0,1
BRDA:44,4,1,0
BRDA:58,5,0,1
BRDA:58,5,1,1
BRDA:58,6,0,2
BRDA:58,6,1,1
BRDA:61,7,0,1
BRDA:61,7,1,0
BRDA:61,8,0,1
BRDA:61,8,1,1
BRDA:76,9,0,0
BRDA:76,9,1,0
BRDA:80,10,0,0
BRDA:80,10,1,0
BRDA:95,11,0,1
BRDA:95,11,1,0
BRDA:100,12,0,0
BRDA:100,12,1,0
BRDA:104,13,0,0
BRDA:104,13,1,0
BRDA:138,14,0,2
BRDA:138,14,1,2
BRDA:138,14,2,0
BRDA:139,15,0,1
BRDA:139,15,1,1
BRF:32
BRH:15
end_of_record
TN:
SF:src\services\anomalyService.js
FN:7,isOperatingHours
FN:10,(anonymous_1)
FN:19,getLiveOccupancy
FN:27,getTodayRevenue
FN:36,getLastWeekSameDayRevenue
FN:46,getHoursSinceLastCheckin
FN:56,getActiveAnomaly
FN:65,createAnomaly
FN:83,resolveAnomaly
FN:98,runAnomalyDetection
FN:117,checkZeroCheckins
FN:142,checkCapacityBreach
FN:166,checkRevenueDrop
FNF:13
FNH:0
FNDA:0,isOperatingHours
FNDA:0,(anonymous_1)
FNDA:0,getLiveOccupancy
FNDA:0,getTodayRevenue
FNDA:0,getLastWeekSameDayRevenue
FNDA:0,getHoursSinceLastCheckin
FNDA:0,getActiveAnomaly
FNDA:0,createAnomaly
FNDA:0,resolveAnomaly
FNDA:0,runAnomalyDetection
FNDA:0,checkZeroCheckins
FNDA:0,checkCapacityBreach
FNDA:0,checkRevenueDrop
DA:1,1
DA:5,1
DA:8,0
DA:9,0
DA:10,0
DA:11,0
DA:12,0
DA:14,0
DA:15,0
DA:16,0
DA:20,0
DA:24,0
DA:28,0
DA:33,0
DA:37,0
DA:43,0
DA:47,0
DA:52,0
DA:53,0
DA:57,0
DA:62,0
DA:66,0
DA:71,0
DA:72,0
DA:80,0
DA:84,0
DA:89,0
DA:90,0
DA:100,0
DA:101,0
DA:104,0
DA:106,0
DA:107,0
DA:110,0
DA:111,0
DA:112,0
DA:113,0
DA:118,0
DA:119,0
DA:121,0
DA:122,0
DA:124,0
DA:125,0
DA:126,0
DA:134,0
DA:135,0
DA:138,0
DA:143,0
DA:144,0
DA:145,0
DA:146,0
DA:148,0
DA:149,0
DA:150,0
DA:158,0
DA:159,0
DA:162,0
DA:167,0
DA:168,0
DA:169,0
DA:170,0
DA:172,0
DA:173,0
DA:175,0
DA:176,0
DA:177,0
DA:185,0
DA:186,0
DA:189,0
DA:193,1
LF:70
LH:3
BRDA:12,0,0,0
BRDA:12,0,1,0
BRDA:16,1,0,0
BRDA:16,1,1,0
BRDA:52,2,0,0
BRDA:52,2,1,0
BRDA:62,3,0,0
BRDA:62,3,1,0
BRDA:89,4,0,0
BRDA:89,4,1,0
BRDA:119,5,0,0
BRDA:119,5,1,0
BRDA:124,6,0,0
BRDA:124,6,1,0
BRDA:125,7,0,0
BRDA:125,7,1,0
BRDA:134,8,0,0
BRDA:134,8,1,0
BRDA:148,9,0,0
BRDA:148,9,1,0
BRDA:149,10,0,0
BRDA:149,10,1,0
BRDA:158,11,0,0
BRDA:158,11,1,0
BRDA:158,12,0,0
BRDA:158,12,1,0
BRDA:170,13,0,0
BRDA:170,13,1,0
BRDA:175,14,0,0
BRDA:175,14,1,0
BRDA:176,15,0,0
BRDA:176,15,1,0
BRDA:185,16,0,0
BRDA:185,16,1,0
BRDA:185,17,0,0
BRDA:185,17,1,0
BRF:36
BRH:0
end_of_record
TN:
SF:src\services\simulatorService.js
FN:16,getActiveGyms
FN:32,simulateCheckin
FN:86,simulateCheckout
FN:128,simulatePayment
FN:170,simulatorTick
FN:204,startSimulator
FN:220,stopSimulator
FN:232,resetSimulator
FN:240,getStatus
FNF:9
FNH:2
FNDA:0,getActiveGyms
FNDA:0,simulateCheckin
FNDA:0,simulateCheckout
FNDA:0,simulatePayment
FNDA:0,simulatorTick
FNDA:1,startSimulator
FNDA:2,stopSimulator
FNDA:0,resetSimulator
FNDA:0,getStatus
DA:1,1
DA:6,1
DA:7,1
DA:9,1
DA:10,1
DA:11,1
DA:17,0
DA:26,0
DA:34,0
DA:48,0
DA:49,0
DA:51,0
DA:60,0
DA:65,0
DA:69,0
DA:70,0
DA:74,0
DA:88,0
DA:100,0
DA:101,0
DA:103,0
DA:107,0
DA:111,0
DA:112,0
DA:116,0
DA:129,0
DA:131,0
DA:137,0
DA:138,0
DA:141,0
DA:145,0
DA:153,0
DA:158,0
DA:171,0
DA:172,0
DA:173,0
DA:175,0
DA:176,0
DA:179,0
DA:181,0
DA:183,0
DA:184,0
DA:186,0
DA:187,0
DA:190,0
DA:191,0
DA:195,0
DA:197,0
DA:205,1
DA:207,1
DA:208,1
DA:209,1
DA:211,1
DA:212,1
DA:221,2
DA:222,1
DA:223,1
DA:225,2
DA:226,2
DA:233,0
DA:234,0
DA:237,0
DA:241,0
DA:244,1
LF:64
LH:18
BRDA:48,0,0,0
BRDA:48,0,1,0
BRDA:100,1,0,0
BRDA:100,1,1,0
BRDA:129,2,0,0
BRDA:129,2,1,0
BRDA:137,3,0,0
BRDA:137,3,1,0
BRDA:141,4,0,0
BRDA:141,4,1,0
BRDA:181,5,0,0
BRDA:181,5,1,0
BRDA:183,6,0,0
BRDA:183,6,1,0
BRDA:184,7,0,0
BRDA:184,7,1,0
BRDA:186,8,0,0
BRDA:186,8,1,0
BRDA:187,9,0,0
BRDA:187,9,1,0
BRDA:190,10,0,0
BRDA:190,10,1,0
BRDA:191,11,0,0
BRDA:191,11,1,0
BRDA:204,12,0,0
BRDA:205,13,0,0
BRDA:205,13,1,1
BRDA:221,14,0,1
BRDA:221,14,1,1
BRDA:241,15,0,0
BRDA:241,15,1,0
BRF:31
BRH:3
end_of_record
TN:
SF:src\services\statsService.js
FN:5,getAllGymsWithStats
FN:15,(anonymous_1)
FN:23,getGymLiveSnapshot
FN:77,(anonymous_3)
FN:88,getGymAnalytics
FN:137,getCrossGymRevenue
FN:151,getAllGymsSummary
FNF:7
FNH:0
FNDA:0,getAllGymsWithStats
FNDA:0,(anonymous_1)
FNDA:0,getGymLiveSnapshot
FNDA:0,(anonymous_3)
FNDA:0,getGymAnalytics
FNDA:0,getCrossGymRevenue
FNDA:0,getAllGymsSummary
DA:1,1
DA:3,1
DA:6,0
DA:15,0
DA:25,0
DA:67,0
DA:68,0
DA:69,0
DA:70,0
DA:71,0
DA:77,0
DA:89,0
DA:90,0
DA:92,0
DA:97,0
DA:107,0
DA:121,0
DA:129,0
DA:138,0
DA:148,0
DA:152,0
DA:158,0
DA:159,0
DA:166,1
LF:24
LH:3
BRDA:67,0,0,0
BRDA:67,0,1,0
BRDA:88,1,0,0
BRDA:89,2,0,0
BRDA:89,2,1,0
BRF:5
BRH:0
end_of_record
TN:
SF:src\websocket\wsServer.js
FN:5,initWebSocket
FN:8,(anonymous_1)
FN:10,(anonymous_2)
FN:13,(anonymous_3)
FN:24,(anonymous_4)
FN:32,broadcast
FN:35,(anonymous_6)
FN:40,broadcastCheckin
FN:44,broadcastCheckout
FN:48,broadcastPayment
FN:52,broadcastAnomalyDetected
FN:56,broadcastAnomalyResolved
FN:60,getClientCount
FNF:13
FNH:0
FNDA:0,initWebSocket
FNDA:0,(anonymous_1)
FNDA:0,(anonymous_2)
FNDA:0,(anonymous_3)
FNDA:0,(anonymous_4)
FNDA:0,broadcast
FNDA:0,(anonymous_6)
FNDA:0,broadcastCheckin
FNDA:0,broadcastCheckout
FNDA:0,broadcastPayment
FNDA:0,broadcastAnomalyDetected
FNDA:0,broadcastAnomalyResolved
FNDA:0,getClientCount
DA:1,1
DA:3,1
DA:6,0
DA:8,0
DA:9,0
DA:10,0
DA:11,0
DA:13,0
DA:14,0
DA:16,0
DA:24,0
DA:25,0
DA:28,0
DA:29,0
DA:33,0
DA:34,0
DA:35,0
DA:36,0
DA:41,0
DA:45,0
DA:49,0
DA:53,0
DA:57,0
DA:61,0
DA:64,1
LF:25
LH:3
BRDA:33,0,0,0
BRDA:33,0,1,0
BRDA:36,1,0,0
BRDA:36,1,1,0
BRDA:61,2,0,0
BRDA:61,2,1,0
BRF:6
BRH:0
end_of_record
